<?xml version="1.0" encoding="UTF-8" ?>
<testsuite tests="1" failures="0" name="RunCukesTest" time="0.154" errors="1" skipped="0">
  <properties>
[...]
</properties>
  <testcase classname="demo feature" name="Demonstrating how Cucumber-JVM works" time="0.154">
    <error message="TODO: implement me" type="io.cucumber.java.PendingException">io.cucumber.java.PendingException: TODO: implement me
	at stepdefs.DemoDefinitions.i_have_a_configured_Cucumber_JVM_project(DemoDefinitions.java:11)
	at ✽.I have a configured Cucumber-JVM project(file:///C:/Users/imasmoudi/Desktop/activités/cucomberproject/src/test/resources/Features/demo.feature:3)
</error>
  </testcase>
</testsuite>